2021-09-17 21:17:36.946  INFO 12468 --- [restartedMain] o.s.b.w.embedded.tomcat.TomcatWebServer  : Tomcat initialized with port(s): 8080 (http)
2021-09-17 21:17:36.947  INFO 12468 --- [restartedMain] o.apache.catalina.core.StandardService   : Starting service [Tomcat]
2021-09-17 21:17:36.947  INFO 12468 --- [restartedMain] org.apache.catalina.core.StandardEngine  : Starting Servlet engine: [Apache Tomcat/9.0.52]
2021-09-17 21:17:36.954  INFO 12468 --- [restartedMain] o.a.c.c.C.[Tomcat].[localhost].[/]       : Initializing Spring embedded WebApplicationContext
2021-09-17 21:17:36.954  INFO 12468 --- [restartedMain] w.s.c.ServletWebServerApplicationContext : Root WebApplicationContext: initialization completed in 119 ms
2021-09-17 21:17:37.001  INFO 12468 --- [restartedMain] o.s.b.d.a.OptionalLiveReloadServer       : LiveReload server is running on port 35729
2021-09-17 21:17:37.004  INFO 12468 --- [restartedMain] o.s.b.w.embedded.tomcat.TomcatWebServer  : Tomcat started on port(s): 8080 (http) with context path ''
2021-09-17 21:17:37.007  WARN 12468 --- [restartedMain] com.rubypaper.LoggingRunner              : WARN 로그 메시지
2021-09-17 21:17:37.007 ERROR 12468 --- [restartedMain] com.rubypaper.LoggingRunner              : ERROR 로그 메시지
2021-09-17 21:17:37.007  INFO 12468 --- [restartedMain] .ConditionEvaluationDeltaLoggingListener : Condition evaluation unchanged
2021-09-17 21:17:48.640  INFO 12468 --- [restartedMain] o.s.b.w.embedded.tomcat.TomcatWebServer  : Tomcat initialized with port(s): 8080 (http)
2021-09-17 21:17:48.641  INFO 12468 --- [restartedMain] o.apache.catalina.core.StandardService   : Starting service [Tomcat]
2021-09-17 21:17:48.641  INFO 12468 --- [restartedMain] org.apache.catalina.core.StandardEngine  : Starting Servlet engine: [Apache Tomcat/9.0.52]
2021-09-17 21:17:48.647  INFO 12468 --- [restartedMain] o.a.c.c.C.[Tomcat].[localhost].[/]       : Initializing Spring embedded WebApplicationContext
2021-09-17 21:17:48.647  INFO 12468 --- [restartedMain] w.s.c.ServletWebServerApplicationContext : Root WebApplicationContext: initialization completed in 112 ms
2021-09-17 21:17:48.687  INFO 12468 --- [restartedMain] o.s.b.d.a.OptionalLiveReloadServer       : LiveReload server is running on port 35729
2021-09-17 21:17:48.690  INFO 12468 --- [restartedMain] o.s.b.w.embedded.tomcat.TomcatWebServer  : Tomcat started on port(s): 8080 (http) with context path ''
2021-09-17 21:17:48.692  WARN 12468 --- [restartedMain] com.rubypaper.LoggingRunner              : WARN 로그 메시지
2021-09-17 21:17:48.692 ERROR 12468 --- [restartedMain] com.rubypaper.LoggingRunner              : ERROR 로그 메시지
2021-09-17 21:17:48.693  INFO 12468 --- [restartedMain] .ConditionEvaluationDeltaLoggingListener : Condition evaluation unchanged
